<?xml version="1.0" encoding="UTF-8"?>
<testsuite xmlns:xsi="http://www.w3.org/2001/XMLSchema-instance" xsi:noNamespaceSchemaLocation="https://maven.apache.org/surefire/maven-surefire-plugin/xsd/surefire-test-report-3.0.xsd" version="3.0" name="CustomTumblingWindowTest" time="3.449" tests="1" errors="0" skipped="0" failures="0">
  <properties>
[...]
</properties>
  <testcase name="testCustomTumblingWindowSlices" classname="CustomTumblingWindowTest" time="3.447">
    <system-out><![CDATA[23:53:07,303 WARN  org.apache.flink.runtime.webmonitor.WebMonitorUtils          [] - Log file environment variable 'log.file' is not set.
23:53:07,303 WARN  org.apache.flink.runtime.webmonitor.WebMonitorUtils          [] - JobManager log files are unavailable in the web dashboard. Log file location not found in environment variable 'log.file' or configuration key 'web.log.path'.
Keyed transaction: 2 - 1.682913187486E12
Keyed Transaction: > (2,1.682913187486E12)
Accumulator: 2  -  1.682913187486E12
Value(the next integer to add to the sum): 2 - 0.0
Accumulator(Current Sum) before aggregation: (2,1.682913187486E12)
Result of aggregation: 2  -  1.682913187486E12
Keyed transaction: 2 - 1.682913187601E12
Keyed Transaction: > (2,1.682913187601E12)
Accumulator: 2  -  1.682913187601E12
Keyed transaction: 5 - 1.682913187709E12
Value(the next integer to add to the sum): 2 - 1.682913187486E12
Accumulator(Current Sum) before aggregation: (2,1.682913187601E12)
Result of aggregation: 2  -  3.365826375087E12
Keyed Transaction: > (5,1.682913187709E12)
Accumulator: 5  -  1.682913187709E12
Keyed transaction: 5 - 1.682913187819E12
Value(the next integer to add to the sum): 5 - 0.0
Accumulator(Current Sum) before aggregation: (5,1.682913187709E12)
Result of aggregation: 5  -  1.682913187709E12
Keyed Transaction: > (5,1.682913187819E12)
Accumulator: 5  -  1.682913187819E12
Keyed transaction: 1 - 1.682913187928E12
Value(the next integer to add to the sum): 5 - 1.682913187709E12
Accumulator(Current Sum) before aggregation: (5,1.682913187819E12)
Result of aggregation: 5  -  3.365826375528E12
Keyed Transaction: > (1,1.682913187928E12)
Accumulator: 1  -  1.682913187928E12
Keyed transaction: 4 - 1.682913188038E12
Value(the next integer to add to the sum): 1 - 0.0
Accumulator(Current Sum) before aggregation: (1,1.682913187928E12)
Result of aggregation: 1  -  1.682913187928E12
Keyed Transaction: > (4,1.682913188038E12)
the key after the storage is: 50 the value is: 1.682913187486E12
the key before the storage is: 2 the value is: 1.682913187486E12
Accumulator: 2  -  1.682913187486E12
Value(the next integer to add to the sum): 2 - 0.0
Accumulator(Current Sum) before aggregation: (2,1.682913187486E12)
Result of aggregation: 2  -  1.682913187486E12
Accumulator: 4  -  1.682913188038E12
Keyed transaction: 1 - 1.682913188148E12
Value(the next integer to add to the sum): 4 - 0.0
Accumulator(Current Sum) before aggregation: (4,1.682913188038E12)
Result of aggregation: 4  -  1.682913188038E12
Keyed Transaction: > (1,1.682913188148E12)
the key after the storage is: 50 the value is: 1.682913187601E12
the key before the storage is: 2 the value is: 1.682913187601E12
Accumulator: 2  -  1.682913187601E12
Value(the next integer to add to the sum): 2 - 1.682913187486E12
Accumulator(Current Sum) before aggregation: (2,1.682913187601E12)
Result of aggregation: 2  -  3.365826375087E12
the key after the storage is: 53 the value is: 1.682913187709E12
the key before the storage is: 5 the value is: 1.682913187709E12
Keyed transaction: 2 - 1.68291318826E12
Accumulator: 1  -  1.682913188148E12
Value(the next integer to add to the sum): 1 - 1.682913187928E12
Accumulator(Current Sum) before aggregation: (1,1.682913188148E12)
Result of aggregation: 1  -  3.365826376076E12
Keyed Transaction: > (2,1.68291318826E12)
Accumulator: 5  -  1.682913187709E12
Value(the next integer to add to the sum): 5 - 0.0
Accumulator(Current Sum) before aggregation: (5,1.682913187709E12)
Result of aggregation: 5  -  1.682913187709E12
the key after the storage is: 53 the value is: 1.682913187819E12
the key before the storage is: 5 the value is: 1.682913187819E12
Accumulator: 5  -  1.682913187819E12
Value(the next integer to add to the sum): 5 - 1.682913187709E12
Accumulator(Current Sum) before aggregation: (5,1.682913187819E12)
Result of aggregation: 5  -  3.365826375528E12
Accumulator: 2  -  1.68291318826E12
Keyed transaction: 1 - 1.682913188369E12
Value(the next integer to add to the sum): 2 - 3.365826375087E12
Accumulator(Current Sum) before aggregation: (2,1.68291318826E12)
Result of aggregation: 2  -  5.048739563347E12
Keyed Transaction: > (1,1.682913188369E12)
the key after the storage is: 49 the value is: 1.682913187928E12
the key before the storage is: 1 the value is: 1.682913187928E12
Accumulator: 1  -  1.682913187928E12
Value(the next integer to add to the sum): 1 - 0.0
Accumulator(Current Sum) before aggregation: (1,1.682913187928E12)
Result of aggregation: 1  -  1.682913187928E12
the key after the storage is: 52 the value is: 1.682913188038E12
the key before the storage is: 4 the value is: 1.682913188038E12
Accumulator: 4  -  1.682913188038E12
Value(the next integer to add to the sum): 4 - 0.0
Accumulator(Current Sum) before aggregation: (4,1.682913188038E12)
Result of aggregation: 4  -  1.682913188038E12
Accumulator: 1  -  1.682913188369E12
Keyed transaction: 3 - 1.682913188479E12
Value(the next integer to add to the sum): 1 - 3.365826376076E12
Accumulator(Current Sum) before aggregation: (1,1.682913188369E12)
Result of aggregation: 1  -  5.048739564445E12
Keyed Transaction: > (3,1.682913188479E12)
Accumulator: 3  -  1.682913188479E12
Value(the next integer to add to the sum): 3 - 0.0
Accumulator(Current Sum) before aggregation: (3,1.682913188479E12)
Result of aggregation: 3  -  1.682913188479E12
Default Aggregated Transaction: > (2,5.048739563347E12)
Default Aggregated Transaction: > (3,1.682913188479E12)
Default Aggregated Transaction: > (4,1.682913188038E12)
Default Aggregated Transaction: > (1,5.048739564445E12)
Default Aggregated Transaction: > (5,3.365826375528E12)
the key after the storage is: 49 the value is: 1.682913188148E12
the key before the storage is: 1 the value is: 1.682913188148E12
Accumulator: 1  -  1.682913188148E12
Value(the next integer to add to the sum): 1 - 1.682913187928E12
Accumulator(Current Sum) before aggregation: (1,1.682913188148E12)
Result of aggregation: 1  -  3.365826376076E12
the key after the storage is: 50 the value is: 1.68291318826E12
the key before the storage is: 2 the value is: 1.68291318826E12
Accumulator: 2  -  1.68291318826E12
Value(the next integer to add to the sum): 2 - 3.365826375087E12
Accumulator(Current Sum) before aggregation: (2,1.68291318826E12)
Result of aggregation: 2  -  5.048739563347E12
the key after the storage is: 49 the value is: 1.682913188369E12
the key before the storage is: 1 the value is: 1.682913188369E12
Accumulator: 1  -  1.682913188369E12
Value(the next integer to add to the sum): 1 - 3.365826376076E12
Accumulator(Current Sum) before aggregation: (1,1.682913188369E12)
Result of aggregation: 1  -  5.048739564445E12
the key after the storage is: 51 the value is: 1.682913188479E12
the key before the storage is: 3 the value is: 1.682913188479E12
Accumulator: 3  -  1.682913188479E12
Value(the next integer to add to the sum): 3 - 0.0
Accumulator(Current Sum) before aggregation: (3,1.682913188479E12)
Result of aggregation: 3  -  1.682913188479E12
]]></system-out>
  </testcase>
</testsuite>