<?xml version="1.0" encoding="UTF-8"?>
<testsuite xmlns:xsi="http://www.w3.org/2001/XMLSchema-instance" xsi:noNamespaceSchemaLocation="https://maven.apache.org/surefire/maven-surefire-plugin/xsd/surefire-test-report-3.0.xsd" version="3.0" name="CustomSlidingWindowTest" time="17.826" tests="1" errors="0" skipped="0" failures="0">
  <properties>
[...]
</properties>
  <testcase name="testCustomTumblingWindowSlices" classname="CustomSlidingWindowTest" time="17.715">
    <system-out><![CDATA[GCD is: 60000
23:52:56,533 WARN  org.apache.flink.runtime.webmonitor.WebMonitorUtils          [] - Log file environment variable 'log.file' is not set.
23:52:56,541 WARN  org.apache.flink.runtime.webmonitor.WebMonitorUtils          [] - JobManager log files are unavailable in the web dashboard. Log file location not found in environment variable 'log.file' or configuration key 'web.log.path'.
Keyed Transaction: > (1,1.68291318404E12)
Keyed Transaction: > (2,1.682913184151E12)
Showing when element are added to the pane
Showing when assigning to the pane
Before the Addition:  accountID: 0 --sum:  0.0 --count: 0
Accumulator: 1  -  1.68291318404E12
After the Addition: accountID: 1 --sum: 1.68291318404E12 --count: 1
Value(the next integer to add to the sum): 1 - 0.0
Accumulator(Current Sum) before aggregation: (1,1.68291318404E12)
Result of aggregation: 1  -  1.68291318404E12
Before the Addition:  accountID: 0 --sum:  0.0 --count: 0
After the Addition: accountID: 1 --sum: 1.68291318404E12 --count: 1
Before the Addition:  accountID: 0 --sum:  0.0 --count: 0
Accumulator: 1  -  1.68291318404E12
After the Addition: accountID: 1 --sum: 1.68291318404E12 --count: 1
Value(the next integer to add to the sum): 1 - 0.0
Before the Addition:  accountID: 0 --sum:  0.0 --count: 0
After the Addition: accountID: 1 --sum: 1.68291318404E12 --count: 1
Accumulator(Current Sum) before aggregation: (1,1.68291318404E12)
Result of aggregation: 1  -  1.68291318404E12
Before the Addition:  accountID: 0 --sum:  0.0 --count: 0
After the Addition: accountID: 1 --sum: 1.68291318404E12 --count: 1
Accumulator: 1  -  1.68291318404E12
Value(the next integer to add to the sum): 1 - 0.0
Accumulator(Current Sum) before aggregation: (1,1.68291318404E12)
Result of aggregation: 1  -  1.68291318404E12
Accumulator: 1  -  1.68291318404E12
Value(the next integer to add to the sum): 1 - 0.0
Accumulator(Current Sum) before aggregation: (1,1.68291318404E12)
Result of aggregation: 1  -  1.68291318404E12
Accumulator: 1  -  1.68291318404E12
Value(the next integer to add to the sum): 1 - 0.0
Accumulator(Current Sum) before aggregation: (1,1.68291318404E12)
Result of aggregation: 1  -  1.68291318404E12
Accumulator: 1  -  1.68291318404E12
Value(the next integer to add to the sum): 1 - 0.0
Accumulator(Current Sum) before aggregation: (1,1.68291318404E12)
Result of aggregation: 1  -  1.68291318404E12
Before the Addition:  accountID: 0 --sum:  0.0 --count: 0
Showing when element are added to the pane
After the Addition: accountID: 2 --sum: 1.682913184151E12 --count: 1
Showing when assigning to the pane
Accumulator: 2  -  1.682913184151E12
Before the Addition:  accountID: 0 --sum:  0.0 --count: 0
Value(the next integer to add to the sum): 2 - 0.0
Keyed Transaction: > (2,1.682913184261E12)
Accumulator(Current Sum) before aggregation: (2,1.682913184151E12)
Result of aggregation: 2  -  1.682913184151E12
After the Addition: accountID: 2 --sum: 1.682913184151E12 --count: 1
Before the Addition:  accountID: 0 --sum:  0.0 --count: 0
After the Addition: accountID: 2 --sum: 1.682913184151E12 --count: 1
Before the Addition:  accountID: 0 --sum:  0.0 --count: 0
Accumulator: 2  -  1.682913184151E12
After the Addition: accountID: 2 --sum: 1.682913184151E12 --count: 1
Before the Addition:  accountID: 0 --sum:  0.0 --count: 0
After the Addition: accountID: 2 --sum: 1.682913184151E12 --count: 1
Value(the next integer to add to the sum): 2 - 0.0
Accumulator(Current Sum) before aggregation: (2,1.682913184151E12)
Result of aggregation: 2  -  1.682913184151E12
Accumulator: 2  -  1.682913184151E12
Value(the next integer to add to the sum): 2 - 0.0
Accumulator(Current Sum) before aggregation: (2,1.682913184151E12)
Result of aggregation: 2  -  1.682913184151E12
Accumulator: 2  -  1.682913184151E12
Value(the next integer to add to the sum): 2 - 0.0
Accumulator(Current Sum) before aggregation: (2,1.682913184151E12)
Result of aggregation: 2  -  1.682913184151E12
Accumulator: 2  -  1.682913184151E12
Value(the next integer to add to the sum): 2 - 0.0
Accumulator(Current Sum) before aggregation: (2,1.682913184151E12)
Result of aggregation: 2  -  1.682913184151E12
Accumulator: 2  -  1.682913184151E12
Value(the next integer to add to the sum): 2 - 0.0
Accumulator(Current Sum) before aggregation: (2,1.682913184151E12)
Result of aggregation: 2  -  1.682913184151E12
Before the Addition:  accountID: 2 --sum:  1.682913184151E12 --count: 1
Keyed Transaction: > (4,1.682913184371E12)
After the Addition: accountID: 2 --sum: 3.365826368412E12 --count: 2
Custom Aggregated Transaction: > (1,1.68291318404E12)
Before the Addition:  accountID: 2 --sum:  1.682913184151E12 --count: 1
After the Addition: accountID: 2 --sum: 3.365826368412E12 --count: 2
Before the Addition:  accountID: 2 --sum:  1.682913184151E12 --count: 1
After the Addition: accountID: 2 --sum: 3.365826368412E12 --count: 2
Before the Addition:  accountID: 2 --sum:  1.682913184151E12 --count: 1
After the Addition: accountID: 2 --sum: 3.365826368412E12 --count: 2
Custom Aggregated Transaction: > (2,1.682913184151E12)
Before the Addition:  accountID: 2 --sum:  1.682913184151E12 --count: 1
After the Addition: accountID: 2 --sum: 3.365826368412E12 --count: 2
Custom Aggregated Transaction: > (2,1.682913184151E12)
Custom Aggregated Transaction: > (1,1.68291318404E12)
Custom Aggregated Transaction: > (2,1.682913184151E12)
Custom Aggregated Transaction: > (1,1.68291318404E12)
Custom Aggregated Transaction: > (2,1.682913184151E12)
Custom Aggregated Transaction: > (1,1.68291318404E12)
Showing when element are added to the pane
Showing when assigning to the pane
Accumulator: 2  -  1.682913184261E12
Value(the next integer to add to the sum): 2 - 1.682913184151E12
Accumulator(Current Sum) before aggregation: (2,1.682913184261E12)
Result of aggregation: 2  -  3.365826368412E12
Accumulator: 2  -  1.682913184261E12
Value(the next integer to add to the sum): 2 - 1.682913184151E12
Accumulator(Current Sum) before aggregation: (2,1.682913184261E12)
Result of aggregation: 2  -  3.365826368412E12
Before the Addition:  accountID: 0 --sum:  0.0 --count: 0
Showing when element are added to the pane
Showing when assigning to the pane
After the Addition: accountID: 4 --sum: 1.682913184371E12 --count: 1
Keyed Transaction: > (1,1.682913184483E12)
Accumulator: 4  -  1.682913184371E12
Before the Addition:  accountID: 0 --sum:  0.0 --count: 0
Value(the next integer to add to the sum): 4 - 0.0
Accumulator(Current Sum) before aggregation: (4,1.682913184371E12)
After the Addition: accountID: 4 --sum: 1.682913184371E12 --count: 1
Result of aggregation: 4  -  1.682913184371E12
Before the Addition:  accountID: 0 --sum:  0.0 --count: 0
After the Addition: accountID: 4 --sum: 1.682913184371E12 --count: 1
Before the Addition:  accountID: 0 --sum:  0.0 --count: 0
Accumulator: 4  -  1.682913184371E12
Value(the next integer to add to the sum): 4 - 0.0
After the Addition: accountID: 4 --sum: 1.682913184371E12 --count: 1
Accumulator(Current Sum) before aggregation: (4,1.682913184371E12)
Result of aggregation: 4  -  1.682913184371E12
Before the Addition:  accountID: 0 --sum:  0.0 --count: 0
After the Addition: accountID: 4 --sum: 1.682913184371E12 --count: 1
Showing when element are added to the pane
Before the Addition:  accountID: 1 --sum:  1.68291318404E12 --count: 1
Keyed Transaction: > (4,1.682913184594E12)
Showing when assigning to the pane
After the Addition: accountID: 1 --sum: 3.365826368523E12 --count: 2
Accumulator: 1  -  1.682913184483E12
Value(the next integer to add to the sum): 1 - 1.68291318404E12
Accumulator(Current Sum) before aggregation: (1,1.682913184483E12)
Before the Addition:  accountID: 1 --sum:  1.68291318404E12 --count: 1
Result of aggregation: 1  -  3.365826368523E12
After the Addition: accountID: 1 --sum: 3.365826368523E12 --count: 2
Accumulator: 1  -  1.682913184483E12
Before the Addition:  accountID: 1 --sum:  1.68291318404E12 --count: 1
Value(the next integer to add to the sum): 1 - 1.68291318404E12
After the Addition: accountID: 1 --sum: 3.365826368523E12 --count: 2
Accumulator(Current Sum) before aggregation: (1,1.682913184483E12)
Before the Addition:  accountID: 1 --sum:  1.68291318404E12 --count: 1
After the Addition: accountID: 1 --sum: 3.365826368523E12 --count: 2
Result of aggregation: 1  -  3.365826368523E12
Before the Addition:  accountID: 1 --sum:  1.68291318404E12 --count: 1
After the Addition: accountID: 1 --sum: 3.365826368523E12 --count: 2
Showing when element are added to the pane
Before the Addition:  accountID: 4 --sum:  1.682913184371E12 --count: 1
Keyed Transaction: > (5,1.6829131847E12)
Showing when assigning to the pane
After the Addition: accountID: 4 --sum: 3.365826368965E12 --count: 2
Accumulator: 4  -  1.682913184594E12
Before the Addition:  accountID: 4 --sum:  1.682913184371E12 --count: 1
Value(the next integer to add to the sum): 4 - 1.682913184371E12
After the Addition: accountID: 4 --sum: 3.365826368965E12 --count: 2
Accumulator(Current Sum) before aggregation: (4,1.682913184594E12)
Before the Addition:  accountID: 4 --sum:  1.682913184371E12 --count: 1
Result of aggregation: 4  -  3.365826368965E12
After the Addition: accountID: 4 --sum: 3.365826368965E12 --count: 2
Before the Addition:  accountID: 4 --sum:  1.682913184371E12 --count: 1
After the Addition: accountID: 4 --sum: 3.365826368965E12 --count: 2
Accumulator: 4  -  1.682913184594E12
Value(the next integer to add to the sum): 4 - 1.682913184371E12
Before the Addition:  accountID: 4 --sum:  1.682913184371E12 --count: 1
After the Addition: accountID: 4 --sum: 3.365826368965E12 --count: 2
Accumulator(Current Sum) before aggregation: (4,1.682913184594E12)
Result of aggregation: 4  -  3.365826368965E12
Showing when element are added to the pane
Before the Addition:  accountID: 0 --sum:  0.0 --count: 0
Showing when assigning to the pane
After the Addition: accountID: 5 --sum: 1.6829131847E12 --count: 1
Accumulator: 5  -  1.6829131847E12
Value(the next integer to add to the sum): 5 - 0.0
Before the Addition:  accountID: 0 --sum:  0.0 --count: 0
After the Addition: accountID: 5 --sum: 1.6829131847E12 --count: 1
Accumulator(Current Sum) before aggregation: (5,1.6829131847E12)
Result of aggregation: 5  -  1.6829131847E12
Before the Addition:  accountID: 0 --sum:  0.0 --count: 0
After the Addition: accountID: 5 --sum: 1.6829131847E12 --count: 1
Before the Addition:  accountID: 0 --sum:  0.0 --count: 0
Accumulator: 5  -  1.6829131847E12
After the Addition: accountID: 5 --sum: 1.6829131847E12 --count: 1
Value(the next integer to add to the sum): 5 - 0.0
Before the Addition:  accountID: 0 --sum:  0.0 --count: 0
Keyed Transaction: > (5,1.682913184812E12)
After the Addition: accountID: 5 --sum: 1.6829131847E12 --count: 1
Accumulator(Current Sum) before aggregation: (5,1.6829131847E12)
Result of aggregation: 5  -  1.6829131847E12
Showing when element are added to the pane
Before the Addition:  accountID: 5 --sum:  1.6829131847E12 --count: 1
Keyed Transaction: > (3,1.682913184922E12)
Showing when assigning to the pane
After the Addition: accountID: 5 --sum: 3.365826369512E12 --count: 2
Accumulator: 5  -  1.682913184812E12
Before the Addition:  accountID: 5 --sum:  1.6829131847E12 --count: 1
Value(the next integer to add to the sum): 5 - 1.6829131847E12
After the Addition: accountID: 5 --sum: 3.365826369512E12 --count: 2
Accumulator(Current Sum) before aggregation: (5,1.682913184812E12)
Before the Addition:  accountID: 5 --sum:  1.6829131847E12 --count: 1
Result of aggregation: 5  -  3.365826369512E12
After the Addition: accountID: 5 --sum: 3.365826369512E12 --count: 2
Before the Addition:  accountID: 5 --sum:  1.6829131847E12 --count: 1
After the Addition: accountID: 5 --sum: 3.365826369512E12 --count: 2
Accumulator: 5  -  1.682913184812E12
Before the Addition:  accountID: 5 --sum:  1.6829131847E12 --count: 1
Value(the next integer to add to the sum): 5 - 1.6829131847E12
After the Addition: accountID: 5 --sum: 3.365826369512E12 --count: 2
Accumulator(Current Sum) before aggregation: (5,1.682913184812E12)
Result of aggregation: 5  -  3.365826369512E12
Showing when element are added to the pane
Before the Addition:  accountID: 0 --sum:  0.0 --count: 0
Keyed Transaction: > (2,1.682913185031E12)
Showing when assigning to the pane
After the Addition: accountID: 3 --sum: 1.682913184922E12 --count: 1
Accumulator: 3  -  1.682913184922E12
Value(the next integer to add to the sum): 3 - 0.0
Before the Addition:  accountID: 0 --sum:  0.0 --count: 0
After the Addition: accountID: 3 --sum: 1.682913184922E12 --count: 1
Accumulator(Current Sum) before aggregation: (3,1.682913184922E12)
Result of aggregation: 3  -  1.682913184922E12
Before the Addition:  accountID: 0 --sum:  0.0 --count: 0
After the Addition: accountID: 3 --sum: 1.682913184922E12 --count: 1
Before the Addition:  accountID: 0 --sum:  0.0 --count: 0
Accumulator: 3  -  1.682913184922E12
After the Addition: accountID: 3 --sum: 1.682913184922E12 --count: 1
Value(the next integer to add to the sum): 3 - 0.0
Accumulator(Current Sum) before aggregation: (3,1.682913184922E12)
Before the Addition:  accountID: 0 --sum:  0.0 --count: 0
Result of aggregation: 3  -  1.682913184922E12
After the Addition: accountID: 3 --sum: 1.682913184922E12 --count: 1
Showing when element are added to the pane
Before the Addition:  accountID: 2 --sum:  3.365826368412E12 --count: 2
Showing when assigning to the pane
After the Addition: accountID: 2 --sum: 5.048739553443E12 --count: 3
Accumulator: 2  -  1.682913185031E12
Before the Addition:  accountID: 2 --sum:  3.365826368412E12 --count: 2
Value(the next integer to add to the sum): 2 - 3.365826368412E12
After the Addition: accountID: 2 --sum: 5.048739553443E12 --count: 3
Accumulator(Current Sum) before aggregation: (2,1.682913185031E12)
Before the Addition:  accountID: 2 --sum:  3.365826368412E12 --count: 2
Result of aggregation: 2  -  5.048739553443E12
After the Addition: accountID: 2 --sum: 5.048739553443E12 --count: 3
Before the Addition:  accountID: 2 --sum:  3.365826368412E12 --count: 2
After the Addition: accountID: 2 --sum: 5.048739553443E12 --count: 3
Accumulator: 2  -  1.682913185031E12
Before the Addition:  accountID: 2 --sum:  3.365826368412E12 --count: 2
Value(the next integer to add to the sum): 2 - 3.365826368412E12
After the Addition: accountID: 2 --sum: 5.048739553443E12 --count: 3
Accumulator(Current Sum) before aggregation: (2,1.682913185031E12)
Result of aggregation: 2  -  5.048739553443E12
Result is: 1  --  1.6829131842615E12
Default Aggregated Transaction: > (1,1.6829131842615E12)
Custom Aggregated Transaction: > (2,5.048739553443E12)
Result is: 2  --  1.682913184481E12
Custom Aggregated Transaction: > (5,3.365826369512E12)
Default Aggregated Transaction: > (2,1.682913184481E12)
Result is: 5  --  1.682913184756E12
Custom Aggregated Transaction: > (3,1.682913184922E12)
Default Aggregated Transaction: > (5,1.682913184756E12)
Result is: 4  --  1.6829131844825E12
Custom Aggregated Transaction: > (1,3.365826368523E12)
Default Aggregated Transaction: > (4,1.6829131844825E12)
Result is: 3  --  1.682913184922E12
Default Aggregated Transaction: > (3,1.682913184922E12)
Custom Aggregated Transaction: > (4,3.365826368965E12)
Result is: 2  --  1.682913184481E12
Default Aggregated Transaction: > (2,1.682913184481E12)
Custom Aggregated Transaction: > (1,3.365826368523E12)
Result is: 5  --  1.682913184756E12
Default Aggregated Transaction: > (5,1.682913184756E12)
Custom Aggregated Transaction: > (4,3.365826368965E12)
Result is: 1  --  1.6829131842615E12
Default Aggregated Transaction: > (1,1.6829131842615E12)
Custom Aggregated Transaction: > (2,5.048739553443E12)
Result is: 3  --  1.682913184922E12
Default Aggregated Transaction: > (3,1.682913184922E12)
Custom Aggregated Transaction: > (5,3.365826369512E12)
Result is: 4  --  1.6829131844825E12
Default Aggregated Transaction: > (4,1.6829131844825E12)
Custom Aggregated Transaction: > (3,1.682913184922E12)
Result is: 5  --  1.682913184756E12
Default Aggregated Transaction: > (5,1.682913184756E12)
Result is: 2  --  1.682913184481E12
Default Aggregated Transaction: > (2,1.682913184481E12)
Result is: 1  --  1.6829131842615E12
Default Aggregated Transaction: > (1,1.6829131842615E12)
Result is: 3  --  1.682913184922E12
Default Aggregated Transaction: > (3,1.682913184922E12)
Result is: 4  --  1.6829131844825E12
Default Aggregated Transaction: > (4,1.6829131844825E12)
Result is: 4  --  1.6829131844825E12
Default Aggregated Transaction: > (4,1.6829131844825E12)
Result is: 5  --  1.682913184756E12
Default Aggregated Transaction: > (5,1.682913184756E12)
Result is: 1  --  1.6829131842615E12
Default Aggregated Transaction: > (1,1.6829131842615E12)
Result is: 3  --  1.682913184922E12
Default Aggregated Transaction: > (3,1.682913184922E12)
Result is: 2  --  1.682913184481E12
Default Aggregated Transaction: > (2,1.682913184481E12)
Result is: 4  --  1.6829131844825E12
Default Aggregated Transaction: > (4,1.6829131844825E12)
Result is: 1  --  1.6829131842615E12
Default Aggregated Transaction: > (1,1.6829131842615E12)
Result is: 2  --  1.682913184481E12
Default Aggregated Transaction: > (2,1.682913184481E12)
Result is: 5  --  1.682913184756E12
Default Aggregated Transaction: > (5,1.682913184756E12)
Result is: 3  --  1.682913184922E12
Default Aggregated Transaction: > (3,1.682913184922E12)
]]></system-out>
  </testcase>
</testsuite>