<?xml version="1.0" encoding="UTF-8"?>
<testsuite xmlns:xsi="http://www.w3.org/2001/XMLSchema-instance" xsi:noNamespaceSchemaLocation="https://maven.apache.org/surefire/maven-surefire-plugin/xsd/surefire-test-report-3.0.xsd" version="3.0" name="CustomTumblingWindowTest" time="21.351" tests="1" errors="0" skipped="0" failures="0">
  <properties>
[...]
</properties>
  <testcase name="testCustomTumblingWindowSlices" classname="CustomTumblingWindowTest" time="21.277">
    <system-out><![CDATA[03:51:24,414 WARN  org.apache.flink.runtime.webmonitor.WebMonitorUtils          [] - Log file environment variable 'log.file' is not set.
03:51:24,417 WARN  org.apache.flink.runtime.webmonitor.WebMonitorUtils          [] - JobManager log files are unavailable in the web dashboard. Log file location not found in environment variable 'log.file' or configuration key 'web.log.path'.
Keyed Transaction: > (3,1.681199489265E12)
Keyed Transaction: > (4,1.681199489371E12)
Keyed Transaction: > (1,1.681199489494E12)
Keyed Transaction: > (6,1.681199489609E12)
Keyed Transaction: > (0,1.681199489717E12)
Keyed Transaction: > (4,1.681199489828E12)
Keyed Transaction: > (6,1.681199489937E12)
Keyed Transaction: > (5,1.681199490047E12)
Keyed Transaction: > (1,1.681199490154E12)
Keyed Transaction: > (4,1.681199490262E12)
Keyed Transaction: > (0,1.681199490373E12)
Keyed Transaction: > (3,1.681199490483E12)
Keyed Transaction: > (9,1.681199490595E12)
Keyed Transaction: > (8,1.681199490706E12)
Keyed Transaction: > (6,1.681199490815E12)
Keyed Transaction: > (3,1.681199490923E12)
Keyed Transaction: > (3,1.681199491032E12)
Keyed Transaction: > (8,1.681199491142E12)
Keyed Transaction: > (0,1.681199491251E12)
Keyed Transaction: > (2,1.681199491359E12)
Keyed Transaction: > (4,1.681199491469E12)
Keyed Transaction: > (7,1.681199491576E12)
Keyed Transaction: > (8,1.681199491686E12)
Keyed Transaction: > (7,1.681199491795E12)
Keyed Transaction: > (9,1.681199491904E12)
Keyed Transaction: > (7,1.681199492013E12)
Keyed Transaction: > (0,1.681199492121E12)
Keyed Transaction: > (8,1.68119949223E12)
Keyed Transaction: > (6,1.68119949234E12)
Keyed Transaction: > (0,1.68119949245E12)
Keyed Transaction: > (0,1.681199492559E12)
Keyed Transaction: > (2,1.68119949267E12)
Keyed Transaction: > (9,1.681199492781E12)
Keyed Transaction: > (4,1.681199492891E12)
Keyed Transaction: > (7,1.681199492999E12)
Keyed Transaction: > (9,1.681199493109E12)
Keyed Transaction: > (2,1.681199493217E12)
Keyed Transaction: > (3,1.681199493328E12)
Keyed Transaction: > (5,1.681199493438E12)
Keyed Transaction: > (3,1.681199493546E12)
Keyed Transaction: > (5,1.681199493657E12)
Keyed Transaction: > (2,1.681199493766E12)
Keyed Transaction: > (7,1.681199493876E12)
Keyed Transaction: > (1,1.681199493987E12)
Keyed Transaction: > (3,1.681199494096E12)
Keyed Transaction: > (9,1.681199494206E12)
Keyed Transaction: > (3,1.681199494314E12)
Keyed Transaction: > (3,1.681199494424E12)
Keyed Transaction: > (2,1.681199494532E12)
Keyed Transaction: > (9,1.681199494642E12)
Keyed Transaction: > (1,1.681199494753E12)
Keyed Transaction: > (4,1.681199494861E12)
Keyed Transaction: > (0,1.681199494969E12)
Keyed Transaction: > (7,1.681199495079E12)
Keyed Transaction: > (1,1.681199495189E12)
Keyed Transaction: > (5,1.681199495296E12)
Keyed Transaction: > (7,1.681199495404E12)
Keyed Transaction: > (6,1.681199495512E12)
Keyed Transaction: > (6,1.681199495621E12)
Keyed Transaction: > (8,1.681199495731E12)
Keyed Transaction: > (1,1.681199495841E12)
Keyed Transaction: > (1,1.681199495951E12)
Keyed Transaction: > (0,1.681199496062E12)
Keyed Transaction: > (7,1.681199496172E12)
Keyed Transaction: > (8,1.681199496281E12)
Keyed Transaction: > (6,1.681199496389E12)
Keyed Transaction: > (7,1.681199496499E12)
Keyed Transaction: > (5,1.681199496609E12)
Keyed Transaction: > (4,1.681199496718E12)
Keyed Transaction: > (6,1.681199496829E12)
Keyed Transaction: > (4,1.681199496938E12)
Keyed Transaction: > (1,1.681199497049E12)
Keyed Transaction: > (7,1.681199497158E12)
Keyed Transaction: > (1,1.681199497268E12)
Keyed Transaction: > (9,1.681199497378E12)
Keyed Transaction: > (0,1.681199497487E12)
Keyed Transaction: > (8,1.681199497596E12)
Keyed Transaction: > (1,1.681199497704E12)
Keyed Transaction: > (4,1.681199497814E12)
Keyed Transaction: > (7,1.681199497923E12)
Keyed Transaction: > (4,1.681199498032E12)
Keyed Transaction: > (0,1.681199498141E12)
Keyed Transaction: > (6,1.681199498251E12)
Keyed Transaction: > (8,1.68119949836E12)
Keyed Transaction: > (9,1.681199498469E12)
Keyed Transaction: > (1,1.681199498579E12)
Keyed Transaction: > (7,1.681199498687E12)
Keyed Transaction: > (0,1.681199498798E12)
Keyed Transaction: > (2,1.681199498909E12)
Keyed Transaction: > (3,1.681199499021E12)
Keyed Transaction: > (1,1.68119949913E12)
Keyed Transaction: > (8,1.681199499239E12)
Keyed Transaction: > (9,1.681199499349E12)
Keyed Transaction: > (2,1.681199499457E12)
Keyed Transaction: > (5,1.681199499568E12)
Keyed Transaction: > (2,1.681199499677E12)
Keyed Transaction: > (3,1.681199499785E12)
Keyed Transaction: > (7,1.681199499894E12)
Keyed Transaction: > (5,1.681199500002E12)
Keyed Transaction: > (9,1.681199500112E12)
Custom Aggregated Transaction: > (0,1.681199500112E12)
Default Aggregated Transaction: > (0,1.8493194430217E13)
Default Aggregated Transaction: > (0,2.1855593439075E13)
Default Aggregated Transaction: > (0,1.3449595963587E13)
Default Aggregated Transaction: > (0,1.5130795452971E13)
Default Aggregated Transaction: > (0,1.6811994952545E13)
Default Aggregated Transaction: > (0,1.1768396468617E13)
Default Aggregated Transaction: > (0,1.8493194433928E13)
Default Aggregated Transaction: > (0,1.5130795445303E13)
Default Aggregated Transaction: > (0,2.0174393945099E13)
Default Aggregated Transaction: > (0,1.6811994938184E13)
]]></system-out>
  </testcase>
</testsuite>